2017-03-22 17:10:46,842 - Loaded System Directive: org.apache.velocity.runtime.directive.Macro
2017-03-22 17:10:46,844 - Loaded System Directive: org.apache.velocity.runtime.directive.Parse
2017-03-22 17:10:46,845 - Loaded System Directive: org.apache.velocity.runtime.directive.Include
2017-03-22 17:10:46,846 - Loaded System Directive: org.apache.velocity.runtime.directive.Foreach
2017-03-22 17:10:46,884 - Created '20' parsers.
2017-03-22 17:10:46,891 - Velocimacro : "velocimacro.library" is not set.  Trying default library: VM_global_library.vm
2017-03-22 17:10:46,892 - Velocimacro : Default library not found.
2017-03-22 17:10:46,892 - Velocimacro : allowInline = true : VMs can be defined inline in templates
2017-03-22 17:10:46,892 - Velocimacro : allowInlineToOverride = false : VMs defined inline may NOT replace previous VM definitions
2017-03-22 17:10:46,892 - Velocimacro : allowInlineLocal = false : VMs defined inline will be global in scope if allowed.
2017-03-22 17:10:46,892 - Velocimacro : autoload off : VM system will not automatically reload global library macros
2017-03-22 17:10:46,908 - ResourceManager : found ./config/vm_htmlReport.vm with loader org.apache.velocity.runtime.resource.loader.FileResourceLoader
2017-03-22 17:10:46,925 - Log4JLogChute initialized using file 'velocity.log'
2017-03-22 17:10:46,925 - Initializing Velocity, Calling init()...
2017-03-22 17:10:46,925 - Starting Apache Velocity v1.7 (compiled: 2010-11-19 12:14:37)
2017-03-22 17:10:46,925 - Default Properties File: org\apache\velocity\runtime\defaults\velocity.properties
2017-03-22 17:10:46,925 - Trying to use logger class org.apache.velocity.runtime.log.AvalonLogChute
2017-03-22 17:10:46,925 - Target log system for org.apache.velocity.runtime.log.AvalonLogChute is not available (java.lang.NoClassDefFoundError: org/apache/log/format/Formatter).  Falling back to next log system...
2017-03-22 17:10:46,925 - Trying to use logger class org.apache.velocity.runtime.log.Log4JLogChute
2017-03-22 17:10:46,925 - Using logger class org.apache.velocity.runtime.log.Log4JLogChute
2017-03-22 17:10:46,926 - ResourceLoader instantiated: org.apache.velocity.runtime.resource.loader.FileResourceLoader
2017-03-22 17:10:46,926 - Do unicode file recognition:  false
2017-03-22 17:10:46,926 - FileResourceLoader : adding path '.'
2017-03-22 17:10:46,926 - ResourceCache: initialized (class org.apache.velocity.runtime.resource.ResourceCacheImpl) with class java.util.Collections$SynchronizedMap cache map.
2017-03-22 17:10:46,936 - Loaded System Directive: org.apache.velocity.runtime.directive.Stop
2017-03-22 17:10:46,936 - Loaded System Directive: org.apache.velocity.runtime.directive.Define
2017-03-22 17:10:46,936 - Loaded System Directive: org.apache.velocity.runtime.directive.Break
2017-03-22 17:10:46,936 - Loaded System Directive: org.apache.velocity.runtime.directive.Evaluate
2017-03-22 17:10:46,936 - Loaded System Directive: org.apache.velocity.runtime.directive.Literal
2017-03-22 17:10:46,936 - Loaded System Directive: org.apache.velocity.runtime.directive.Macro
2017-03-22 17:10:46,938 - Loaded System Directive: org.apache.velocity.runtime.directive.Parse
2017-03-22 17:10:46,938 - Loaded System Directive: org.apache.velocity.runtime.directive.Include
2017-03-22 17:10:46,939 - Loaded System Directive: org.apache.velocity.runtime.directive.Foreach
2017-03-22 17:10:46,940 - Created '20' parsers.
2017-03-22 17:10:46,940 - Velocimacro : "velocimacro.library" is not set.  Trying default library: VM_global_library.vm
2017-03-22 17:10:46,940 - Velocimacro : Default library not found.
2017-03-22 17:10:46,940 - Velocimacro : allowInline = true : VMs can be defined inline in templates
2017-03-22 17:10:46,940 - Velocimacro : allowInlineToOverride = false : VMs defined inline may NOT replace previous VM definitions
2017-03-22 17:10:46,940 - Velocimacro : allowInlineLocal = false : VMs defined inline will be global in scope if allowed.
2017-03-22 17:10:46,940 - Velocimacro : autoload off : VM system will not automatically reload global library macros
 Velocimacro : allowInlineLocal = false : VMs defined inline will be global in scope if allowed.
2017-03-22 17:10:46,940 - Velocimacro : autoload off : VM system will not automatically reload global library macros
2017-03-22 17:10:46,943 - ResourceManager : found ./config/vm_htmlReport.vm with loader org.apache.velocity.runtime.resource.loader.FileResourceLoader
2017-03-22 17:41:43,205 - Log4JLogChute initialized using file 'velocity.log'
2017-03-22 17:41:43,206 - Initializing Velocity, Calling init()...
2017-03-22 17:41:43,206 - Starting Apache Velocity v1.7 (compiled: 2010-11-19 12:14:37)
2017-03-22 17:41:43,206 - Default Properties File: org\apache\velocity\runtime\defaults\velocity.properties
2017-03-22 17:41:43,206 - Trying to use logger class org.apache.velocity.runtime.log.AvalonLogChute
2017-03-22 17:41:43,206 - Target log system for org.apache.velocity.runtime.log.AvalonLogChute is not available (java.lang.NoClassDefFoundError: org/apache/log/format/Formatter).  Falling back to next log system...
2017-03-22 17:41:43,206 - Trying to use logger class org.apache.velocity.runtime.log.Log4JLogChute
2017-03-22 17:41:43,206 - Using logger class org.apache.velocity.runtime.log.Log4JLogChute
2017-03-22 17:41:43,211 - ResourceLoader instantiated: org.apache.velocity.runtime.resource.loader.FileResourceLoader
2017-03-22 17:41:43,212 - Do unicode file recognition:  false
2017-03-22 17:41:43,212 - FileResourceLoader : adding path '.'
2017-03-22 17:41:43,229 - ResourceCache: initialized (class org.apache.velocity.runtime.resource.ResourceCacheImpl) with class java.util.Collections$SynchronizedMap cache map.
2017-03-22 17:41:43,230 - Loaded System Directive: org.apache.velocity.runtime.directive.Stop
2017-03-22 17:41:43,231 - Loaded System Directive: org.apache.velocity.runtime.directive.Define
2017-03-22 17:41:43,231 - Loaded System Directive: org.apache.velocity.runtime.directive.Break
2017-03-22 17:41:43,232 - Loaded System Directive: org.apache.velocity.runtime.directive.Evaluate
2017-03-22 17:41:43,232 - Loaded System Directive: org.apache.velocity.runtime.directive.Literal
2017-03-22 17:41:43,233 - Loaded System Directive: org.apache.velocity.runtime.directive.Macro
2017-03-22 17:41:43,234 - Loaded System Directive: org.apache.velocity.runtime.directive.Parse
2017-03-22 17:41:43,235 - Loaded System Directive: org.apache.velocity.runtime.directive.Include
2017-03-22 17:41:43,236 - Loaded System Directive: org.apache.velocity.runtime.directive.Foreach
2017-03-22 17:41:43,261 - Created '20' parsers.
2017-03-22 17:41:43,266 - Velocimacro : "velocimacro.library" is not set.  Trying default library: VM_global_library.vm
2017-03-22 17:41:43,266 - Velocimacro : Default library not found.
2017-03-22 17:41:43,266 - Velocimacro : allowInline = true : VMs can be defined inline in templates
2017-03-22 17:41:43,266 - Velocimacro : allowInlineToOverride = false : VMs defined inline may NOT replace previous VM definitions
2017-03-22 17:41:43,266 - Velocimacro : allowInlineLocal = false : VMs defined inline will be global in scope if allowed.
2017-03-22 17:41:43,266 - Velocimacro : autoload off : VM system will not automatically reload global library macros
2017-03-22 17:41:43,281 - ResourceManager : found ./config/vm_htmlReport.vm with loader org.apache.velocity.runtime.resource.loader.FileResourceLoader
2017-04-27 15:38:16,605 - Log4JLogChute initialized using file 'velocity.log'
2017-04-27 15:38:16,605 - Initializing Velocity, Calling init()...
2017-04-27 15:38:16,605 - Starting Apache Velocity v1.7 (compiled: 2010-11-19 12:14:37)
2017-04-27 15:38:16,605 - Default Properties File: org\apache\velocity\runtime\defaults\velocity.properties
2017-04-27 15:38:16,605 - Trying to use logger class org.apache.velocity.runtime.log.AvalonLogChute
2017-04-27 15:38:16,605 - Target log system for org.apache.velocity.runtime.log.AvalonLogChute is not available (java.lang.NoClassDefFoundError: org/apache/log/format/Formatter).  Falling back to next log system...
2017-04-27 15:38:16,605 - Trying to use logger class org.apache.velocity.runtime.log.Log4JLogChute
2017-04-27 15:38:16,605 - Using logger class org.apache.velocity.runtime.log.Log4JLogChute
2017-04-27 15:38:16,605 - ResourceLoader instantiated: org.apache.velocity.runtime.resource.loader.FileResourceLoader
2017-04-27 15:38:16,605 - Do unicode file recognition:  false
2017-04-27 15:38:16,620 - FileResourceLoader : adding path '.'
2017-04-27 15:38:16,636 - ResourceCache: initialized (class org.apache.velocity.runtime.resource.ResourceCacheImpl) with class java.util.Collections$SynchronizedMap cache map.
2017-04-27 15:38:16,636 - Loaded System Directive: org.apache.velocity.runtime.directive.Stop
2017-04-27 15:38:16,636 - Loaded System Directive: org.apache.velocity.runtime.directive.Define
2017-04-27 15:38:16,636 - Loaded System Directive: org.apache.velocity.runtime.directive.Break
2017-04-27 15:38:16,636 - Loaded System Directive: org.apache.velocity.runtime.directive.Evaluate
2017-04-27 15:38:16,636 - Loaded System Directive: org.apache.velocity.runtime.directive.Literal
2017-04-27 15:38:16,636 - Loaded System Directive: org.apache.velocity.runtime.directive.Macro
2017-04-27 15:38:16,636 - Loaded System Directive: org.apache.velocity.runtime.directive.Parse
2017-04-27 15:38:16,636 - Loaded System Directive: org.apache.velocity.runtime.directive.Include
2017-04-27 15:38:16,636 - Loaded System Directive: org.apache.velocity.runtime.directive.Foreach
2017-04-27 15:38:16,667 - Created '20' parsers.
2017-04-27 15:38:16,667 - Velocimacro : "velocimacro.library" is not set.  Trying default library: VM_global_library.vm
2017-04-27 15:38:16,667 - Velocimacro : Default library not found.
2017-04-27 15:38:16,667 - Velocimacro : allowInline = true : VMs can be defined inline in templates
2017-04-27 15:38:16,667 - Velocimacro : allowInlineToOverride = false : VMs defined inline may NOT replace previous VM definitions
2017-04-27 15:38:16,667 - Velocimacro : allowInlineLocal = false : VMs defined inline will be global in scope if allowed.
2017-04-27 15:38:16,667 - Velocimacro : autoload off : VM system will not automatically reload global library macros
2017-04-27 15:38:16,683 - ResourceManager : found ./config/vm_htmlReport.vm with loader org.apache.velocity.runtime.resource.loader.FileResourceLoader
2017-05-04 11:36:48,378 - Log4JLogChute initialized using file 'velocity.log'
2017-05-04 11:36:48,378 - Initializing Velocity, Calling init()...
2017-05-04 11:36:48,378 - Starting Apache Velocity v1.7 (compiled: 2010-11-19 12:14:37)
2017-05-04 11:36:48,378 - Default Properties File: org\apache\velocity\runtime\defaults\velocity.properties
2017-05-04 11:36:48,378 - Trying to use logger class org.apache.velocity.runtime.log.AvalonLogChute
2017-05-04 11:36:48,378 - Target log system for org.apache.velocity.runtime.log.AvalonLogChute is not available (java.lang.NoClassDefFoundError: org/apache/log/format/Formatter).  Falling back to next log system...
2017-05-04 11:36:48,378 - Trying to use logger class org.apache.velocity.runtime.log.Log4JLogChute
2017-05-04 11:36:48,378 - Using logger class org.apache.velocity.runtime.log.Log4JLogChute
2017-05-04 11:36:48,382 - ResourceLoader instantiated: org.apache.velocity.runtime.resource.loader.FileResourceLoader
2017-05-04 11:36:48,383 - Do unicode file recognition:  false
2017-05-04 11:36:48,383 - FileResourceLoader : adding path '.'
2017-05-04 11:36:48,392 - ResourceCache: initialized (class org.apache.velocity.runtime.resource.ResourceCacheImpl) with class java.util.Collections$SynchronizedMap cache map.
2017-05-04 11:36:48,393 - Loaded System Directive: org.apache.velocity.runtime.directive.Stop
2017-05-04 11:36:48,394 - Loaded System Directive: org.apache.velocity.runtime.directive.Define
2017-05-04 11:36:48,394 - Loaded System Directive: org.apache.velocity.runtime.directive.Break
2017-05-04 11:36:48,395 - Loaded System Directive: org.apache.velocity.runtime.directive.Evaluate
2017-05-04 11:36:48,395 - Loaded System Directive: org.apache.velocity.runtime.directive.Literal
2017-05-04 11:36:48,396 - Loaded System Directive: org.apache.velocity.runtime.directive.Macro
2017-05-04 11:36:48,397 - Loaded System Directive: org.apache.velocity.runtime.directive.Parse
2017-05-04 11:36:48,398 - Loaded System Directive: org.apache.velocity.runtime.directive.Include
2017-05-04 11:36:48,399 - Loaded System Directive: org.apache.velocity.runtime.directive.Foreach
2017-05-04 11:36:48,423 - Created '20' parsers.
2017-05-04 11:36:48,428 - Velocimacro : "velocimacro.library" is not set.  Trying default library: VM_global_library.vm
2017-05-04 11:36:48,428 - Velocimacro : Default library not found.
2017-05-04 11:36:48,428 - Velocimacro : allowInline = true : VMs can be defined inline in templates
2017-05-04 11:36:48,428 - Velocimacro : allowInlineToOverride = false : VMs defined inline may NOT replace previous VM definitions
2017-05-04 11:36:48,428 - Velocimacro : allowInlineLocal = false : VMs defined inline will be global in scope if allowed.
2017-05-04 11:36:48,428 - Velocimacro : autoload off : VM system will not automatically reload global library macros
2017-05-04 11:36:48,443 - ResourceManager : found ./config/vm_htmlReport.vm with loader org.apache.velocity.runtime.resource.loader.FileResourceLoader
